<?xml version="1.0" encoding="UTF-8"?>
<testng-results skipped="0" failed="0" ignored="0" total="1" passed="1">
  <reporter-output>
  </reporter-output>
  <suite name="Default suite" duration-ms="4984" started-at="2018-09-17T21:27:30Z" finished-at="2018-09-17T21:27:35Z">
    <groups>
    </groups>
    <test name="Default test" duration-ms="4984" started-at="2018-09-17T21:27:30Z" finished-at="2018-09-17T21:27:35Z">
      <class name="demo.HeadlessChromeDemo">
        <test-method status="PASS" signature="test()[pri:0, instance:demo.HeadlessChromeDemo@1794d431]" name="test" duration-ms="4964" started-at="2018-09-17T21:27:30Z" finished-at="2018-09-17T21:27:35Z">
          <reporter-output>
          </reporter-output>
        </test-method> <!-- test -->
      </class> <!-- demo.HeadlessChromeDemo -->
    </test> <!-- Default test -->
  </suite> <!-- Default suite -->
</testng-results>
