<?xml version="1.0" encoding="UTF-8"?>
<!-- Generated by org.testng.reporters.JUnitXMLReporter -->
<testsuite hostname="DESKTOP-R11E6FT" ignored="0" name="Test2" tests="4" failures="0" timestamp="17 Sep 2018 19:31:46 GMT" time="0.028" errors="0">
  <testcase name="test1" time="0.006" classname="demo.TestNGGroupsDemo"/>
  <testcase name="test2" time="0.001" classname="demo.TestNGGroupsDemo"/>
  <testcase name="test3" time="0.001" classname="demo.TestNGGroupsDemo"/>
  <testcase name="test4" time="0.001" classname="demo.TestNGGroupsDemo"/>
</testsuite> <!-- Test2 -->
